<?xml version="1.0" encoding="UTF-8"?>
<testng-results ignored="0" total="1" passed="1" failed="0" skipped="0">
  <reporter-output>
  </reporter-output>
  <suite started-at="2024-11-08T20:41:28 IST" name="Default suite" finished-at="2024-11-08T20:41:30 IST" duration-ms="2289">
    <groups>
    </groups>
    <test started-at="2024-11-08T20:41:28 IST" name="Default test" finished-at="2024-11-08T20:41:30 IST" duration-ms="2289">
      <class name="day3.LoggingDemo">
        <test-method signature="testLog()[pri:0, instance:day3.LoggingDemo@21282ed8]" started-at="2024-11-08T20:41:28 IST" name="testLog" finished-at="2024-11-08T20:41:30 IST" duration-ms="2232" status="PASS">
          <reporter-output>
          </reporter-output>
        </test-method> <!-- testLog -->
      </class> <!-- day3.LoggingDemo -->
    </test> <!-- Default test -->
  </suite> <!-- Default suite -->
</testng-results>
